<?xml version="1.0" encoding="UTF-8"?>
<!-- Generated by org.testng.reporters.JUnitXMLReporter -->
<testsuite ignored="1" hostname="LAPTOP-O1J2K2PM" failures="0" tests="1" name="r" time="0.422" errors="0" timestamp="2020-01-22T21:59:32 BRST">
  <testcase classname="agibank.com.br.ValidacaoPosts_POST" name="validaPostsExcecao" time="0.421"/>
  <testcase classname="agibank.com.br.ValidacaoPosts_POST" name="validaPosts" time="0.0">
    <ignored/>
  </testcase> <!-- validaPosts -->
</testsuite> <!-- r -->
