<?xml version="1.0" encoding="UTF-8"?>
<!-- Generated by org.testng.reporters.JUnitXMLReporter -->
<testsuite ignored="0" hostname="LAPTOP-O1J2K2PM" failures="0" tests="44" name="Teste Funcional" time="28.317" errors="0" timestamp="2020-01-26T22:10:09 BRST">
  <testcase classname="agibank.com.br.ValidacaoAlteracaoPosts" name="validaPostsExcecao" time="3.4"/>
  <testcase classname="agibank.com.br.ValidacaoAlteracaoPosts" name="validaPut" time="0.885"/>
  <testcase classname="agibank.com.br.ValidacaoAlteracaoPosts" name="validaPut" time="0.523"/>
  <testcase classname="agibank.com.br.ValidacaoAlteracaoPosts" name="validaPut" time="0.546"/>
  <testcase classname="agibank.com.br.ValidacaoAlteracaoPosts" name="validaPut" time="0.547"/>
  <testcase classname="agibank.com.br.ValidacaoAlteracaoPosts" name="validaPut" time="0.556"/>
  <testcase classname="agibank.com.br.ValidacaoAlteracaoPosts" name="validaPut" time="0.534"/>
  <testcase classname="agibank.com.br.ValidacaoAlteracaoPosts" name="validaPut" time="0.572"/>
  <testcase classname="agibank.com.br.ValidacaoAlteracaoPosts" name="validaPut" time="0.563"/>
  <testcase classname="agibank.com.br.ValidacaoAlteracaoPosts" name="validaPut" time="0.54"/>
  <testcase classname="agibank.com.br.ValidacaoAlteracaoPosts" name="validaPut" time="0.57"/>
  <testcase classname="agibank.com.br.ValidacaoConsultaUsuario" name="validaBuscaUsuarioInexistente" time="0.623"/>
  <testcase classname="agibank.com.br.ValidacaoConsultaUsuario" name="validaListaException" time="0.593"/>
  <testcase classname="agibank.com.br.ValidacaoConsultaUsuario" name="validaUsuarioIdInteiro" time="0.532"/>
  <testcase classname="agibank.com.br.ValidacaoConsultaUsuario" name="validaUsuarios" time="0.439"/>
  <testcase classname="agibank.com.br.ValidacaoConsultaUsuario" name="validaUsuarios" time="0.562"/>
  <testcase classname="agibank.com.br.ValidacaoConsultaUsuario" name="validaUsuarios" time="0.437"/>
  <testcase classname="agibank.com.br.ValidacaoConsultaUsuario" name="validaUsuarios" time="0.548"/>
  <testcase classname="agibank.com.br.ValidacaoConsultaUsuario" name="validaUsuarios" time="0.423"/>
  <testcase classname="agibank.com.br.ValidacaoConsultaUsuario" name="validaUsuarios" time="0.532"/>
  <testcase classname="agibank.com.br.ValidacaoConsultaUsuario" name="validaUsuarios" time="0.547"/>
  <testcase classname="agibank.com.br.ValidacaoConsultaUsuario" name="validaUsuarios" time="0.554"/>
  <testcase classname="agibank.com.br.ValidacaoConsultaUsuario" name="validaUsuarios" time="0.627"/>
  <testcase classname="agibank.com.br.ValidacaoConsultaUsuario" name="validaUsuarios" time="0.593"/>
  <testcase classname="agibank.com.br.ValidacaoInsercaoPosts" name="validaPosts" time="0.577"/>
  <testcase classname="agibank.com.br.ValidacaoInsercaoPosts" name="validaPosts" time="0.516"/>
  <testcase classname="agibank.com.br.ValidacaoInsercaoPosts" name="validaPosts" time="0.533"/>
  <testcase classname="agibank.com.br.ValidacaoInsercaoPosts" name="validaPosts" time="0.562"/>
  <testcase classname="agibank.com.br.ValidacaoInsercaoPosts" name="validaPosts" time="0.932"/>
  <testcase classname="agibank.com.br.ValidacaoInsercaoPosts" name="validaPosts" time="0.626"/>
  <testcase classname="agibank.com.br.ValidacaoInsercaoPosts" name="validaPosts" time="0.587"/>
  <testcase classname="agibank.com.br.ValidacaoInsercaoPosts" name="validaPosts" time="0.546"/>
  <testcase classname="agibank.com.br.ValidacaoInsercaoPosts" name="validaPosts" time="0.562"/>
  <testcase classname="agibank.com.br.ValidacaoInsercaoPosts" name="validaPosts" time="0.563"/>
  <testcase classname="agibank.com.br.ValidacaoRemocaoPosts" name="validaExcluirPosts" time="0.597"/>
  <testcase classname="agibank.com.br.ValidacaoRemocaoPosts" name="validaExcluirPosts" time="0.623"/>
  <testcase classname="agibank.com.br.ValidacaoRemocaoPosts" name="validaExcluirPosts" time="0.547"/>
  <testcase classname="agibank.com.br.ValidacaoRemocaoPosts" name="validaExcluirPosts" time="0.699"/>
  <testcase classname="agibank.com.br.ValidacaoRemocaoPosts" name="validaExcluirPosts" time="0.543"/>
  <testcase classname="agibank.com.br.ValidacaoRemocaoPosts" name="validaExcluirPosts" time="0.571"/>
  <testcase classname="agibank.com.br.ValidacaoRemocaoPosts" name="validaExcluirPosts" time="0.584"/>
  <testcase classname="agibank.com.br.ValidacaoRemocaoPosts" name="validaExcluirPosts" time="0.539"/>
  <testcase classname="agibank.com.br.ValidacaoRemocaoPosts" name="validaExcluirPosts" time="0.654"/>
  <testcase classname="agibank.com.br.ValidacaoRemocaoPosts" name="validaExcluirPosts" time="0.64"/>
</testsuite> <!-- Teste Funcional -->
