<?xml version="1.0" encoding="UTF-8"?>
<testsuite name="TestSuite" time="28.25" tests="44" errors="0" skipped="0" failures="0">
  <properties>
[...]
</properties>
  <testcase name="validaPostsExcecao" classname="agibank.com.br.ValidacaoAlteracaoPosts" time="3.401"/>
  <testcase name="validaPut" classname="agibank.com.br.ValidacaoAlteracaoPosts" time="0.884"/>
  <testcase name="validaPut" classname="agibank.com.br.ValidacaoAlteracaoPosts" time="0.522"/>
  <testcase name="validaPut" classname="agibank.com.br.ValidacaoAlteracaoPosts" time="0.546"/>
  <testcase name="validaPut" classname="agibank.com.br.ValidacaoAlteracaoPosts" time="0.547"/>
  <testcase name="validaPut" classname="agibank.com.br.ValidacaoAlteracaoPosts" time="0.556"/>
  <testcase name="validaPut" classname="agibank.com.br.ValidacaoAlteracaoPosts" time="0.535"/>
  <testcase name="validaPut" classname="agibank.com.br.ValidacaoAlteracaoPosts" time="0.572"/>
  <testcase name="validaPut" classname="agibank.com.br.ValidacaoAlteracaoPosts" time="0.563"/>
  <testcase name="validaPut" classname="agibank.com.br.ValidacaoAlteracaoPosts" time="0.54"/>
  <testcase name="validaPut" classname="agibank.com.br.ValidacaoAlteracaoPosts" time="0.57"/>
  <testcase name="validaBuscaUsuarioInexistente" classname="agibank.com.br.ValidacaoConsultaUsuario" time="0.623"/>
  <testcase name="validaListaException" classname="agibank.com.br.ValidacaoConsultaUsuario" time="0.593"/>
  <testcase name="validaUsuarioIdInteiro" classname="agibank.com.br.ValidacaoConsultaUsuario" time="0.532"/>
  <testcase name="validaUsuarios" classname="agibank.com.br.ValidacaoConsultaUsuario" time="0.439"/>
  <testcase name="validaUsuarios" classname="agibank.com.br.ValidacaoConsultaUsuario" time="0.562"/>
  <testcase name="validaUsuarios" classname="agibank.com.br.ValidacaoConsultaUsuario" time="0.437"/>
  <testcase name="validaUsuarios" classname="agibank.com.br.ValidacaoConsultaUsuario" time="0.548"/>
  <testcase name="validaUsuarios" classname="agibank.com.br.ValidacaoConsultaUsuario" time="0.424"/>
  <testcase name="validaUsuarios" classname="agibank.com.br.ValidacaoConsultaUsuario" time="0.532"/>
  <testcase name="validaUsuarios" classname="agibank.com.br.ValidacaoConsultaUsuario" time="0.548"/>
  <testcase name="validaUsuarios" classname="agibank.com.br.ValidacaoConsultaUsuario" time="0.554"/>
  <testcase name="validaUsuarios" classname="agibank.com.br.ValidacaoConsultaUsuario" time="0.627"/>
  <testcase name="validaUsuarios" classname="agibank.com.br.ValidacaoConsultaUsuario" time="0.593"/>
  <testcase name="validaPosts" classname="agibank.com.br.ValidacaoInsercaoPosts" time="0.577"/>
  <testcase name="validaPosts" classname="agibank.com.br.ValidacaoInsercaoPosts" time="0.517"/>
  <testcase name="validaPosts" classname="agibank.com.br.ValidacaoInsercaoPosts" time="0.533"/>
  <testcase name="validaPosts" classname="agibank.com.br.ValidacaoInsercaoPosts" time="0.562"/>
  <testcase name="validaPosts" classname="agibank.com.br.ValidacaoInsercaoPosts" time="0.933"/>
  <testcase name="validaPosts" classname="agibank.com.br.ValidacaoInsercaoPosts" time="0.625"/>
  <testcase name="validaPosts" classname="agibank.com.br.ValidacaoInsercaoPosts" time="0.587"/>
  <testcase name="validaPosts" classname="agibank.com.br.ValidacaoInsercaoPosts" time="0.547"/>
  <testcase name="validaPosts" classname="agibank.com.br.ValidacaoInsercaoPosts" time="0.562"/>
  <testcase name="validaPosts" classname="agibank.com.br.ValidacaoInsercaoPosts" time="0.563"/>
  <testcase name="validaExcluirPosts" classname="agibank.com.br.ValidacaoRemocaoPosts" time="0.597"/>
  <testcase name="validaExcluirPosts" classname="agibank.com.br.ValidacaoRemocaoPosts" time="0.623"/>
  <testcase name="validaExcluirPosts" classname="agibank.com.br.ValidacaoRemocaoPosts" time="0.547"/>
  <testcase name="validaExcluirPosts" classname="agibank.com.br.ValidacaoRemocaoPosts" time="0.699"/>
  <testcase name="validaExcluirPosts" classname="agibank.com.br.ValidacaoRemocaoPosts" time="0.542"/>
  <testcase name="validaExcluirPosts" classname="agibank.com.br.ValidacaoRemocaoPosts" time="0.571"/>
  <testcase name="validaExcluirPosts" classname="agibank.com.br.ValidacaoRemocaoPosts" time="0.584"/>
  <testcase name="validaExcluirPosts" classname="agibank.com.br.ValidacaoRemocaoPosts" time="0.539"/>
  <testcase name="validaExcluirPosts" classname="agibank.com.br.ValidacaoRemocaoPosts" time="0.654"/>
  <testcase name="validaExcluirPosts" classname="agibank.com.br.ValidacaoRemocaoPosts" time="0.64"/>
</testsuite>