<?xml version="1.0" encoding="UTF-8"?>
<testng-results ignored="0" total="44" passed="44" failed="0" skipped="0">
  <reporter-output>
  </reporter-output>
  <suite started-at="2020-01-26T22:09:41 BRST" name="Suite1" finished-at="2020-01-26T22:10:09 BRST" duration-ms="28317">
    <groups>
    </groups>
    <test started-at="2020-01-26T22:09:41 BRST" name="Teste Funcional" finished-at="2020-01-26T22:10:09 BRST" duration-ms="28317">
      <class name="agibank.com.br.ValidacaoAlteracaoPosts">
        <test-method signature="validaPostsExcecao()[pri:0, instance:agibank.com.br.ValidacaoAlteracaoPosts@2e55dd0c]" started-at="2020-01-26T22:09:41 BRST" name="validaPostsExcecao" finished-at="2020-01-26T22:09:44 BRST" duration-ms="3400" status="PASS">
          <exception class="java.lang.ClassCastException">
            <message>
              <![CDATA[class java.lang.Integer cannot be cast to class java.lang.String (java.lang.Integer and java.lang.String are in module java.base of loader 'bootstrap')]]>
            </message>
            <full-stacktrace>
              <![CDATA[java.lang.ClassCastException: class java.lang.Integer cannot be cast to class java.lang.String (java.lang.Integer and java.lang.String are in module java.base of loader 'bootstrap')
at agibank.com.br.ValidacaoAlteracaoPosts.validaPostsExcecao(ValidacaoAlteracaoPosts.java:41)
at java.base/jdk.internal.reflect.NativeMethodAccessorImpl.invoke0(Native Method)
at java.base/jdk.internal.reflect.NativeMethodAccessorImpl.invoke(NativeMethodAccessorImpl.java:62)
at java.base/jdk.internal.reflect.DelegatingMethodAccessorImpl.invoke(DelegatingMethodAccessorImpl.java:43)
at java.base/java.lang.reflect.Method.invoke(Method.java:566)
at org.testng.internal.MethodInvocationHelper.invokeMethod(MethodInvocationHelper.java:133)
at org.testng.internal.TestInvoker.invokeMethod(TestInvoker.java:584)
at org.testng.internal.TestInvoker.invokeTestMethod(TestInvoker.java:172)
at org.testng.internal.MethodRunner.runInSequence(MethodRunner.java:46)
at org.testng.internal.TestInvoker$MethodInvocationAgent.invoke(TestInvoker.java:804)
at org.testng.internal.TestInvoker.invokeTestMethods(TestInvoker.java:145)
at org.testng.internal.TestMethodWorker.invokeTestMethods(TestMethodWorker.java:146)
at org.testng.internal.TestMethodWorker.run(TestMethodWorker.java:128)
at java.base/java.util.ArrayList.forEach(ArrayList.java:1540)
at org.testng.TestRunner.privateRun(TestRunner.java:770)
at org.testng.TestRunner.run(TestRunner.java:591)
at org.testng.SuiteRunner.runTest(SuiteRunner.java:402)
at org.testng.SuiteRunner.runSequentially(SuiteRunner.java:396)
at org.testng.SuiteRunner.privateRun(SuiteRunner.java:355)
at org.testng.SuiteRunner.run(SuiteRunner.java:304)
at org.testng.SuiteRunnerWorker.runSuite(SuiteRunnerWorker.java:53)
at org.testng.SuiteRunnerWorker.run(SuiteRunnerWorker.java:96)
at org.testng.TestNG.runSuitesSequentially(TestNG.java:1180)
at org.testng.TestNG.runSuitesLocally(TestNG.java:1102)
at org.testng.TestNG.runSuites(TestNG.java:1032)
at org.testng.TestNG.run(TestNG.java:1000)
at org.apache.maven.surefire.testng.TestNGExecutor.run(TestNGExecutor.java:178)
at org.apache.maven.surefire.testng.TestNGXmlTestSuite.execute(TestNGXmlTestSuite.java:92)
at org.apache.maven.surefire.testng.TestNGProvider.invoke(TestNGProvider.java:96)
at java.base/jdk.internal.reflect.NativeMethodAccessorImpl.invoke0(Native Method)
at java.base/jdk.internal.reflect.NativeMethodAccessorImpl.invoke(NativeMethodAccessorImpl.java:62)
at java.base/jdk.internal.reflect.DelegatingMethodAccessorImpl.invoke(DelegatingMethodAccessorImpl.java:43)
at java.base/java.lang.reflect.Method.invoke(Method.java:566)
at org.apache.maven.surefire.util.ReflectionUtils.invokeMethodWithArray2(ReflectionUtils.java:208)
at org.apache.maven.surefire.booter.ProviderFactory$ProviderProxy.invoke(ProviderFactory.java:159)
at org.apache.maven.surefire.booter.ProviderFactory.invokeProvider(ProviderFactory.java:87)
at org.apache.maven.surefire.booter.ForkedBooter.runSuitesInProcess(ForkedBooter.java:153)
at org.apache.maven.surefire.booter.ForkedBooter.main(ForkedBooter.java:95)
]]>
            </full-stacktrace>
          </exception> <!-- java.lang.ClassCastException -->
          <reporter-output>
          </reporter-output>
        </test-method> <!-- validaPostsExcecao -->
        <test-method signature="validaPut(int, int, java.lang.String, java.lang.String)[pri:0, instance:agibank.com.br.ValidacaoAlteracaoPosts@2e55dd0c]" started-at="2020-01-26T22:09:44 BRST" name="validaPut" data-provider="listaComID" finished-at="2020-01-26T22:09:45 BRST" duration-ms="885" status="PASS">
          <params>
            <param index="0">
              <value>
                <![CDATA[1]]>
              </value>
            </param>
            <param index="1">
              <value>
                <![CDATA[1]]>
              </value>
            </param>
            <param index="2">
              <value>
                <![CDATA[Titulo 1]]>
              </value>
            </param>
            <param index="3">
              <value>
                <![CDATA[TESTES AUTOMATIZADOS 1]]>
              </value>
            </param>
          </params>
          <reporter-output>
          </reporter-output>
        </test-method> <!-- validaPut -->
        <test-method signature="validaPut(int, int, java.lang.String, java.lang.String)[pri:0, instance:agibank.com.br.ValidacaoAlteracaoPosts@2e55dd0c]" started-at="2020-01-26T22:09:45 BRST" name="validaPut" data-provider="listaComID" finished-at="2020-01-26T22:09:46 BRST" duration-ms="523" status="PASS">
          <params>
            <param index="0">
              <value>
                <![CDATA[1]]>
              </value>
            </param>
            <param index="1">
              <value>
                <![CDATA[2]]>
              </value>
            </param>
            <param index="2">
              <value>
                <![CDATA[Titulo 2]]>
              </value>
            </param>
            <param index="3">
              <value>
                <![CDATA[TESTES AUTOMATIZADOS 2]]>
              </value>
            </param>
          </params>
          <reporter-output>
          </reporter-output>
        </test-method> <!-- validaPut -->
        <test-method signature="validaPut(int, int, java.lang.String, java.lang.String)[pri:0, instance:agibank.com.br.ValidacaoAlteracaoPosts@2e55dd0c]" started-at="2020-01-26T22:09:46 BRST" name="validaPut" data-provider="listaComID" finished-at="2020-01-26T22:09:46 BRST" duration-ms="546" status="PASS">
          <params>
            <param index="0">
              <value>
                <![CDATA[1]]>
              </value>
            </param>
            <param index="1">
              <value>
                <![CDATA[3]]>
              </value>
            </param>
            <param index="2">
              <value>
                <![CDATA[Titulo 5]]>
              </value>
            </param>
            <param index="3">
              <value>
                <![CDATA[TESTES AUTOMATIZADOS 3]]>
              </value>
            </param>
          </params>
          <reporter-output>
          </reporter-output>
        </test-method> <!-- validaPut -->
        <test-method signature="validaPut(int, int, java.lang.String, java.lang.String)[pri:0, instance:agibank.com.br.ValidacaoAlteracaoPosts@2e55dd0c]" started-at="2020-01-26T22:09:46 BRST" name="validaPut" data-provider="listaComID" finished-at="2020-01-26T22:09:47 BRST" duration-ms="547" status="PASS">
          <params>
            <param index="0">
              <value>
                <![CDATA[1]]>
              </value>
            </param>
            <param index="1">
              <value>
                <![CDATA[4]]>
              </value>
            </param>
            <param index="2">
              <value>
                <![CDATA[Titulo 6]]>
              </value>
            </param>
            <param index="3">
              <value>
                <![CDATA[TESTES AUTOMATIZADOS 4]]>
              </value>
            </param>
          </params>
          <reporter-output>
          </reporter-output>
        </test-method> <!-- validaPut -->
        <test-method signature="validaPut(int, int, java.lang.String, java.lang.String)[pri:0, instance:agibank.com.br.ValidacaoAlteracaoPosts@2e55dd0c]" started-at="2020-01-26T22:09:47 BRST" name="validaPut" data-provider="listaComID" finished-at="2020-01-26T22:09:47 BRST" duration-ms="556" status="PASS">
          <params>
            <param index="0">
              <value>
                <![CDATA[1]]>
              </value>
            </param>
            <param index="1">
              <value>
                <![CDATA[5]]>
              </value>
            </param>
            <param index="2">
              <value>
                <![CDATA[Titulo 7]]>
              </value>
            </param>
            <param index="3">
              <value>
                <![CDATA[TESTES AUTOMATIZADOS 5]]>
              </value>
            </param>
          </params>
          <reporter-output>
          </reporter-output>
        </test-method> <!-- validaPut -->
        <test-method signature="validaPut(int, int, java.lang.String, java.lang.String)[pri:0, instance:agibank.com.br.ValidacaoAlteracaoPosts@2e55dd0c]" started-at="2020-01-26T22:09:47 BRST" name="validaPut" data-provider="listaComID" finished-at="2020-01-26T22:09:48 BRST" duration-ms="534" status="PASS">
          <params>
            <param index="0">
              <value>
                <![CDATA[1]]>
              </value>
            </param>
            <param index="1">
              <value>
                <![CDATA[6]]>
              </value>
            </param>
            <param index="2">
              <value>
                <![CDATA[Titulo 8]]>
              </value>
            </param>
            <param index="3">
              <value>
                <![CDATA[TESTES AUTOMATIZADOS 6]]>
              </value>
            </param>
          </params>
          <reporter-output>
          </reporter-output>
        </test-method> <!-- validaPut -->
        <test-method signature="validaPut(int, int, java.lang.String, java.lang.String)[pri:0, instance:agibank.com.br.ValidacaoAlteracaoPosts@2e55dd0c]" started-at="2020-01-26T22:09:48 BRST" name="validaPut" data-provider="listaComID" finished-at="2020-01-26T22:09:48 BRST" duration-ms="572" status="PASS">
          <params>
            <param index="0">
              <value>
                <![CDATA[1]]>
              </value>
            </param>
            <param index="1">
              <value>
                <![CDATA[7]]>
              </value>
            </param>
            <param index="2">
              <value>
                <![CDATA[Titulo 9]]>
              </value>
            </param>
            <param index="3">
              <value>
                <![CDATA[TESTES AUTOMATIZADOS 7]]>
              </value>
            </param>
          </params>
          <reporter-output>
          </reporter-output>
        </test-method> <!-- validaPut -->
        <test-method signature="validaPut(int, int, java.lang.String, java.lang.String)[pri:0, instance:agibank.com.br.ValidacaoAlteracaoPosts@2e55dd0c]" started-at="2020-01-26T22:09:48 BRST" name="validaPut" data-provider="listaComID" finished-at="2020-01-26T22:09:49 BRST" duration-ms="563" status="PASS">
          <params>
            <param index="0">
              <value>
                <![CDATA[1]]>
              </value>
            </param>
            <param index="1">
              <value>
                <![CDATA[7]]>
              </value>
            </param>
            <param index="2">
              <value>
                <![CDATA[Titulo 10]]>
              </value>
            </param>
            <param index="3">
              <value>
                <![CDATA[TESTES AUTOMATIZADOS 8]]>
              </value>
            </param>
          </params>
          <reporter-output>
          </reporter-output>
        </test-method> <!-- validaPut -->
        <test-method signature="validaPut(int, int, java.lang.String, java.lang.String)[pri:0, instance:agibank.com.br.ValidacaoAlteracaoPosts@2e55dd0c]" started-at="2020-01-26T22:09:49 BRST" name="validaPut" data-provider="listaComID" finished-at="2020-01-26T22:09:49 BRST" duration-ms="540" status="PASS">
          <params>
            <param index="0">
              <value>
                <![CDATA[1]]>
              </value>
            </param>
            <param index="1">
              <value>
                <![CDATA[8]]>
              </value>
            </param>
            <param index="2">
              <value>
                <![CDATA[Titulo 11]]>
              </value>
            </param>
            <param index="3">
              <value>
                <![CDATA[TESTES AUTOMATIZADOS 9]]>
              </value>
            </param>
          </params>
          <reporter-output>
          </reporter-output>
        </test-method> <!-- validaPut -->
        <test-method signature="validaPut(int, int, java.lang.String, java.lang.String)[pri:0, instance:agibank.com.br.ValidacaoAlteracaoPosts@2e55dd0c]" started-at="2020-01-26T22:09:49 BRST" name="validaPut" data-provider="listaComID" finished-at="2020-01-26T22:09:50 BRST" duration-ms="570" status="PASS">
          <params>
            <param index="0">
              <value>
                <![CDATA[1]]>
              </value>
            </param>
            <param index="1">
              <value>
                <![CDATA[9]]>
              </value>
            </param>
            <param index="2">
              <value>
                <![CDATA[Titulo 12]]>
              </value>
            </param>
            <param index="3">
              <value>
                <![CDATA[TESTES AUTOMATIZADOS 10]]>
              </value>
            </param>
          </params>
          <reporter-output>
          </reporter-output>
        </test-method> <!-- validaPut -->
      </class> <!-- agibank.com.br.ValidacaoAlteracaoPosts -->
      <class name="agibank.com.br.ValidacaoInsercaoPosts">
        <test-method signature="validaPosts(int, java.lang.String, java.lang.String)[pri:0, instance:agibank.com.br.ValidacaoInsercaoPosts@e7edb54]" started-at="2020-01-26T22:09:57 BRST" name="validaPosts" data-provider="listaPosts" finished-at="2020-01-26T22:09:58 BRST" duration-ms="577" status="PASS">
          <params>
            <param index="0">
              <value>
                <![CDATA[1]]>
              </value>
            </param>
            <param index="1">
              <value>
                <![CDATA[Titulo 1]]>
              </value>
            </param>
            <param index="2">
              <value>
                <![CDATA[TESTES AUTOMATIZADOS 1]]>
              </value>
            </param>
          </params>
          <reporter-output>
          </reporter-output>
        </test-method> <!-- validaPosts -->
        <test-method signature="validaPosts(int, java.lang.String, java.lang.String)[pri:0, instance:agibank.com.br.ValidacaoInsercaoPosts@e7edb54]" started-at="2020-01-26T22:09:58 BRST" name="validaPosts" data-provider="listaPosts" finished-at="2020-01-26T22:09:58 BRST" duration-ms="516" status="PASS">
          <params>
            <param index="0">
              <value>
                <![CDATA[1]]>
              </value>
            </param>
            <param index="1">
              <value>
                <![CDATA[Titulo 2]]>
              </value>
            </param>
            <param index="2">
              <value>
                <![CDATA[TESTES AUTOMATIZADOS 2]]>
              </value>
            </param>
          </params>
          <reporter-output>
          </reporter-output>
        </test-method> <!-- validaPosts -->
        <test-method signature="validaPosts(int, java.lang.String, java.lang.String)[pri:0, instance:agibank.com.br.ValidacaoInsercaoPosts@e7edb54]" started-at="2020-01-26T22:09:58 BRST" name="validaPosts" data-provider="listaPosts" finished-at="2020-01-26T22:09:59 BRST" duration-ms="533" status="PASS">
          <params>
            <param index="0">
              <value>
                <![CDATA[1]]>
              </value>
            </param>
            <param index="1">
              <value>
                <![CDATA[Titulo 5]]>
              </value>
            </param>
            <param index="2">
              <value>
                <![CDATA[TESTES AUTOMATIZADOS 3]]>
              </value>
            </param>
          </params>
          <reporter-output>
          </reporter-output>
        </test-method> <!-- validaPosts -->
        <test-method signature="validaPosts(int, java.lang.String, java.lang.String)[pri:0, instance:agibank.com.br.ValidacaoInsercaoPosts@e7edb54]" started-at="2020-01-26T22:09:59 BRST" name="validaPosts" data-provider="listaPosts" finished-at="2020-01-26T22:09:59 BRST" duration-ms="562" status="PASS">
          <params>
            <param index="0">
              <value>
                <![CDATA[1]]>
              </value>
            </param>
            <param index="1">
              <value>
                <![CDATA[Titulo 6]]>
              </value>
            </param>
            <param index="2">
              <value>
                <![CDATA[TESTES AUTOMATIZADOS 4]]>
              </value>
            </param>
          </params>
          <reporter-output>
          </reporter-output>
        </test-method> <!-- validaPosts -->
        <test-method signature="validaPosts(int, java.lang.String, java.lang.String)[pri:0, instance:agibank.com.br.ValidacaoInsercaoPosts@e7edb54]" started-at="2020-01-26T22:09:59 BRST" name="validaPosts" data-provider="listaPosts" finished-at="2020-01-26T22:10:00 BRST" duration-ms="932" status="PASS">
          <params>
            <param index="0">
              <value>
                <![CDATA[1]]>
              </value>
            </param>
            <param index="1">
              <value>
                <![CDATA[Titulo 7]]>
              </value>
            </param>
            <param index="2">
              <value>
                <![CDATA[TESTES AUTOMATIZADOS 5]]>
              </value>
            </param>
          </params>
          <reporter-output>
          </reporter-output>
        </test-method> <!-- validaPosts -->
        <test-method signature="validaPosts(int, java.lang.String, java.lang.String)[pri:0, instance:agibank.com.br.ValidacaoInsercaoPosts@e7edb54]" started-at="2020-01-26T22:10:00 BRST" name="validaPosts" data-provider="listaPosts" finished-at="2020-01-26T22:10:01 BRST" duration-ms="626" status="PASS">
          <params>
            <param index="0">
              <value>
                <![CDATA[1]]>
              </value>
            </param>
            <param index="1">
              <value>
                <![CDATA[Titulo 8]]>
              </value>
            </param>
            <param index="2">
              <value>
                <![CDATA[TESTES AUTOMATIZADOS 6]]>
              </value>
            </param>
          </params>
          <reporter-output>
          </reporter-output>
        </test-method> <!-- validaPosts -->
        <test-method signature="validaPosts(int, java.lang.String, java.lang.String)[pri:0, instance:agibank.com.br.ValidacaoInsercaoPosts@e7edb54]" started-at="2020-01-26T22:10:01 BRST" name="validaPosts" data-provider="listaPosts" finished-at="2020-01-26T22:10:01 BRST" duration-ms="587" status="PASS">
          <params>
            <param index="0">
              <value>
                <![CDATA[1]]>
              </value>
            </param>
            <param index="1">
              <value>
                <![CDATA[Titulo 9]]>
              </value>
            </param>
            <param index="2">
              <value>
                <![CDATA[TESTES AUTOMATIZADOS 7]]>
              </value>
            </param>
          </params>
          <reporter-output>
          </reporter-output>
        </test-method> <!-- validaPosts -->
        <test-method signature="validaPosts(int, java.lang.String, java.lang.String)[pri:0, instance:agibank.com.br.ValidacaoInsercaoPosts@e7edb54]" started-at="2020-01-26T22:10:01 BRST" name="validaPosts" data-provider="listaPosts" finished-at="2020-01-26T22:10:02 BRST" duration-ms="546" status="PASS">
          <params>
            <param index="0">
              <value>
                <![CDATA[1]]>
              </value>
            </param>
            <param index="1">
              <value>
                <![CDATA[Titulo 10]]>
              </value>
            </param>
            <param index="2">
              <value>
                <![CDATA[TESTES AUTOMATIZADOS 8]]>
              </value>
            </param>
          </params>
          <reporter-output>
          </reporter-output>
        </test-method> <!-- validaPosts -->
        <test-method signature="validaPosts(int, java.lang.String, java.lang.String)[pri:0, instance:agibank.com.br.ValidacaoInsercaoPosts@e7edb54]" started-at="2020-01-26T22:10:02 BRST" name="validaPosts" data-provider="listaPosts" finished-at="2020-01-26T22:10:02 BRST" duration-ms="562" status="PASS">
          <params>
            <param index="0">
              <value>
                <![CDATA[1]]>
              </value>
            </param>
            <param index="1">
              <value>
                <![CDATA[Titulo 11]]>
              </value>
            </param>
            <param index="2">
              <value>
                <![CDATA[TESTES AUTOMATIZADOS 9]]>
              </value>
            </param>
          </params>
          <reporter-output>
          </reporter-output>
        </test-method> <!-- validaPosts -->
        <test-method signature="validaPosts(int, java.lang.String, java.lang.String)[pri:0, instance:agibank.com.br.ValidacaoInsercaoPosts@e7edb54]" started-at="2020-01-26T22:10:02 BRST" name="validaPosts" data-provider="listaPosts" finished-at="2020-01-26T22:10:03 BRST" duration-ms="563" status="PASS">
          <params>
            <param index="0">
              <value>
                <![CDATA[1]]>
              </value>
            </param>
            <param index="1">
              <value>
                <![CDATA[Titulo 12]]>
              </value>
            </param>
            <param index="2">
              <value>
                <![CDATA[TESTES AUTOMATIZADOS 10]]>
              </value>
            </param>
          </params>
          <reporter-output>
          </reporter-output>
        </test-method> <!-- validaPosts -->
      </class> <!-- agibank.com.br.ValidacaoInsercaoPosts -->
      <class name="agibank.com.br.ValidacaoRemocaoPosts">
        <test-method signature="validaExcluirPosts(int)[pri:0, instance:agibank.com.br.ValidacaoRemocaoPosts@378542de]" started-at="2020-01-26T22:10:03 BRST" name="validaExcluirPosts" data-provider="idDelete" finished-at="2020-01-26T22:10:04 BRST" duration-ms="597" status="PASS">
          <params>
            <param index="0">
              <value>
                <![CDATA[1]]>
              </value>
            </param>
          </params>
          <reporter-output>
          </reporter-output>
        </test-method> <!-- validaExcluirPosts -->
        <test-method signature="validaExcluirPosts(int)[pri:0, instance:agibank.com.br.ValidacaoRemocaoPosts@378542de]" started-at="2020-01-26T22:10:04 BRST" name="validaExcluirPosts" data-provider="idDelete" finished-at="2020-01-26T22:10:04 BRST" duration-ms="623" status="PASS">
          <params>
            <param index="0">
              <value>
                <![CDATA[2]]>
              </value>
            </param>
          </params>
          <reporter-output>
          </reporter-output>
        </test-method> <!-- validaExcluirPosts -->
        <test-method signature="validaExcluirPosts(int)[pri:0, instance:agibank.com.br.ValidacaoRemocaoPosts@378542de]" started-at="2020-01-26T22:10:04 BRST" name="validaExcluirPosts" data-provider="idDelete" finished-at="2020-01-26T22:10:05 BRST" duration-ms="547" status="PASS">
          <params>
            <param index="0">
              <value>
                <![CDATA[3]]>
              </value>
            </param>
          </params>
          <reporter-output>
          </reporter-output>
        </test-method> <!-- validaExcluirPosts -->
        <test-method signature="validaExcluirPosts(int)[pri:0, instance:agibank.com.br.ValidacaoRemocaoPosts@378542de]" started-at="2020-01-26T22:10:05 BRST" name="validaExcluirPosts" data-provider="idDelete" finished-at="2020-01-26T22:10:06 BRST" duration-ms="699" status="PASS">
          <params>
            <param index="0">
              <value>
                <![CDATA[4]]>
              </value>
            </param>
          </params>
          <reporter-output>
          </reporter-output>
        </test-method> <!-- validaExcluirPosts -->
        <test-method signature="validaExcluirPosts(int)[pri:0, instance:agibank.com.br.ValidacaoRemocaoPosts@378542de]" started-at="2020-01-26T22:10:06 BRST" name="validaExcluirPosts" data-provider="idDelete" finished-at="2020-01-26T22:10:06 BRST" duration-ms="543" status="PASS">
          <params>
            <param index="0">
              <value>
                <![CDATA[5]]>
              </value>
            </param>
          </params>
          <reporter-output>
          </reporter-output>
        </test-method> <!-- validaExcluirPosts -->
        <test-method signature="validaExcluirPosts(int)[pri:0, instance:agibank.com.br.ValidacaoRemocaoPosts@378542de]" started-at="2020-01-26T22:10:06 BRST" name="validaExcluirPosts" data-provider="idDelete" finished-at="2020-01-26T22:10:07 BRST" duration-ms="571" status="PASS">
          <params>
            <param index="0">
              <value>
                <![CDATA[6]]>
              </value>
            </param>
          </params>
          <reporter-output>
          </reporter-output>
        </test-method> <!-- validaExcluirPosts -->
        <test-method signature="validaExcluirPosts(int)[pri:0, instance:agibank.com.br.ValidacaoRemocaoPosts@378542de]" started-at="2020-01-26T22:10:07 BRST" name="validaExcluirPosts" data-provider="idDelete" finished-at="2020-01-26T22:10:07 BRST" duration-ms="584" status="PASS">
          <params>
            <param index="0">
              <value>
                <![CDATA[7]]>
              </value>
            </param>
          </params>
          <reporter-output>
          </reporter-output>
        </test-method> <!-- validaExcluirPosts -->
        <test-method signature="validaExcluirPosts(int)[pri:0, instance:agibank.com.br.ValidacaoRemocaoPosts@378542de]" started-at="2020-01-26T22:10:07 BRST" name="validaExcluirPosts" data-provider="idDelete" finished-at="2020-01-26T22:10:08 BRST" duration-ms="539" status="PASS">
          <params>
            <param index="0">
              <value>
                <![CDATA[8]]>
              </value>
            </param>
          </params>
          <reporter-output>
          </reporter-output>
        </test-method> <!-- validaExcluirPosts -->
        <test-method signature="validaExcluirPosts(int)[pri:0, instance:agibank.com.br.ValidacaoRemocaoPosts@378542de]" started-at="2020-01-26T22:10:08 BRST" name="validaExcluirPosts" data-provider="idDelete" finished-at="2020-01-26T22:10:08 BRST" duration-ms="654" status="PASS">
          <params>
            <param index="0">
              <value>
                <![CDATA[9]]>
              </value>
            </param>
          </params>
          <reporter-output>
          </reporter-output>
        </test-method> <!-- validaExcluirPosts -->
        <test-method signature="validaExcluirPosts(int)[pri:0, instance:agibank.com.br.ValidacaoRemocaoPosts@378542de]" started-at="2020-01-26T22:10:08 BRST" name="validaExcluirPosts" data-provider="idDelete" finished-at="2020-01-26T22:10:09 BRST" duration-ms="640" status="PASS">
          <params>
            <param index="0">
              <value>
                <![CDATA[10]]>
              </value>
            </param>
          </params>
          <reporter-output>
          </reporter-output>
        </test-method> <!-- validaExcluirPosts -->
      </class> <!-- agibank.com.br.ValidacaoRemocaoPosts -->
      <class name="agibank.com.br.ValidacaoConsultaUsuario">
        <test-method signature="validaBuscaUsuarioInexistente()[pri:0, instance:agibank.com.br.ValidacaoConsultaUsuario@74455848]" started-at="2020-01-26T22:09:50 BRST" name="validaBuscaUsuarioInexistente" finished-at="2020-01-26T22:09:51 BRST" duration-ms="623" status="PASS">
          <reporter-output>
          </reporter-output>
        </test-method> <!-- validaBuscaUsuarioInexistente -->
        <test-method signature="validaListaException()[pri:0, instance:agibank.com.br.ValidacaoConsultaUsuario@74455848]" started-at="2020-01-26T22:09:51 BRST" name="validaListaException" finished-at="2020-01-26T22:09:51 BRST" duration-ms="593" status="PASS">
          <exception class="java.lang.ClassCastException">
            <message>
              <![CDATA[class java.util.ArrayList cannot be cast to class java.lang.String (java.util.ArrayList and java.lang.String are in module java.base of loader 'bootstrap')]]>
            </message>
            <full-stacktrace>
              <![CDATA[java.lang.ClassCastException: class java.util.ArrayList cannot be cast to class java.lang.String (java.util.ArrayList and java.lang.String are in module java.base of loader 'bootstrap')
at agibank.com.br.ValidacaoConsultaUsuario.validaListaException(ValidacaoConsultaUsuario.java:50)
at java.base/jdk.internal.reflect.NativeMethodAccessorImpl.invoke0(Native Method)
at java.base/jdk.internal.reflect.NativeMethodAccessorImpl.invoke(NativeMethodAccessorImpl.java:62)
at java.base/jdk.internal.reflect.DelegatingMethodAccessorImpl.invoke(DelegatingMethodAccessorImpl.java:43)
at java.base/java.lang.reflect.Method.invoke(Method.java:566)
at org.testng.internal.MethodInvocationHelper.invokeMethod(MethodInvocationHelper.java:133)
at org.testng.internal.TestInvoker.invokeMethod(TestInvoker.java:584)
at org.testng.internal.TestInvoker.invokeTestMethod(TestInvoker.java:172)
at org.testng.internal.MethodRunner.runInSequence(MethodRunner.java:46)
at org.testng.internal.TestInvoker$MethodInvocationAgent.invoke(TestInvoker.java:804)
at org.testng.internal.TestInvoker.invokeTestMethods(TestInvoker.java:145)
at org.testng.internal.TestMethodWorker.invokeTestMethods(TestMethodWorker.java:146)
at org.testng.internal.TestMethodWorker.run(TestMethodWorker.java:128)
at java.base/java.util.ArrayList.forEach(ArrayList.java:1540)
at org.testng.TestRunner.privateRun(TestRunner.java:770)
at org.testng.TestRunner.run(TestRunner.java:591)
at org.testng.SuiteRunner.runTest(SuiteRunner.java:402)
at org.testng.SuiteRunner.runSequentially(SuiteRunner.java:396)
at org.testng.SuiteRunner.privateRun(SuiteRunner.java:355)
at org.testng.SuiteRunner.run(SuiteRunner.java:304)
at org.testng.SuiteRunnerWorker.runSuite(SuiteRunnerWorker.java:53)
at org.testng.SuiteRunnerWorker.run(SuiteRunnerWorker.java:96)
at org.testng.TestNG.runSuitesSequentially(TestNG.java:1180)
at org.testng.TestNG.runSuitesLocally(TestNG.java:1102)
at org.testng.TestNG.runSuites(TestNG.java:1032)
at org.testng.TestNG.run(TestNG.java:1000)
at org.apache.maven.surefire.testng.TestNGExecutor.run(TestNGExecutor.java:178)
at org.apache.maven.surefire.testng.TestNGXmlTestSuite.execute(TestNGXmlTestSuite.java:92)
at org.apache.maven.surefire.testng.TestNGProvider.invoke(TestNGProvider.java:96)
at java.base/jdk.internal.reflect.NativeMethodAccessorImpl.invoke0(Native Method)
at java.base/jdk.internal.reflect.NativeMethodAccessorImpl.invoke(NativeMethodAccessorImpl.java:62)
at java.base/jdk.internal.reflect.DelegatingMethodAccessorImpl.invoke(DelegatingMethodAccessorImpl.java:43)
at java.base/java.lang.reflect.Method.invoke(Method.java:566)
at org.apache.maven.surefire.util.ReflectionUtils.invokeMethodWithArray2(ReflectionUtils.java:208)
at org.apache.maven.surefire.booter.ProviderFactory$ProviderProxy.invoke(ProviderFactory.java:159)
at org.apache.maven.surefire.booter.ProviderFactory.invokeProvider(ProviderFactory.java:87)
at org.apache.maven.surefire.booter.ForkedBooter.runSuitesInProcess(ForkedBooter.java:153)
at org.apache.maven.surefire.booter.ForkedBooter.main(ForkedBooter.java:95)
]]>
            </full-stacktrace>
          </exception> <!-- java.lang.ClassCastException -->
          <reporter-output>
          </reporter-output>
        </test-method> <!-- validaListaException -->
        <test-method signature="validaUsuarioIdInteiro()[pri:0, instance:agibank.com.br.ValidacaoConsultaUsuario@74455848]" started-at="2020-01-26T22:09:51 BRST" name="validaUsuarioIdInteiro" finished-at="2020-01-26T22:09:52 BRST" duration-ms="532" status="PASS">
          <exception class="java.lang.ClassCastException">
            <message>
              <![CDATA[class java.lang.Integer cannot be cast to class java.lang.String (java.lang.Integer and java.lang.String are in module java.base of loader 'bootstrap')]]>
            </message>
            <full-stacktrace>
              <![CDATA[java.lang.ClassCastException: class java.lang.Integer cannot be cast to class java.lang.String (java.lang.Integer and java.lang.String are in module java.base of loader 'bootstrap')
at agibank.com.br.ValidacaoConsultaUsuario.validaUsuarioIdInteiro(ValidacaoConsultaUsuario.java:40)
at java.base/jdk.internal.reflect.NativeMethodAccessorImpl.invoke0(Native Method)
at java.base/jdk.internal.reflect.NativeMethodAccessorImpl.invoke(NativeMethodAccessorImpl.java:62)
at java.base/jdk.internal.reflect.DelegatingMethodAccessorImpl.invoke(DelegatingMethodAccessorImpl.java:43)
at java.base/java.lang.reflect.Method.invoke(Method.java:566)
at org.testng.internal.MethodInvocationHelper.invokeMethod(MethodInvocationHelper.java:133)
at org.testng.internal.TestInvoker.invokeMethod(TestInvoker.java:584)
at org.testng.internal.TestInvoker.invokeTestMethod(TestInvoker.java:172)
at org.testng.internal.MethodRunner.runInSequence(MethodRunner.java:46)
at org.testng.internal.TestInvoker$MethodInvocationAgent.invoke(TestInvoker.java:804)
at org.testng.internal.TestInvoker.invokeTestMethods(TestInvoker.java:145)
at org.testng.internal.TestMethodWorker.invokeTestMethods(TestMethodWorker.java:146)
at org.testng.internal.TestMethodWorker.run(TestMethodWorker.java:128)
at java.base/java.util.ArrayList.forEach(ArrayList.java:1540)
at org.testng.TestRunner.privateRun(TestRunner.java:770)
at org.testng.TestRunner.run(TestRunner.java:591)
at org.testng.SuiteRunner.runTest(SuiteRunner.java:402)
at org.testng.SuiteRunner.runSequentially(SuiteRunner.java:396)
at org.testng.SuiteRunner.privateRun(SuiteRunner.java:355)
at org.testng.SuiteRunner.run(SuiteRunner.java:304)
at org.testng.SuiteRunnerWorker.runSuite(SuiteRunnerWorker.java:53)
at org.testng.SuiteRunnerWorker.run(SuiteRunnerWorker.java:96)
at org.testng.TestNG.runSuitesSequentially(TestNG.java:1180)
at org.testng.TestNG.runSuitesLocally(TestNG.java:1102)
at org.testng.TestNG.runSuites(TestNG.java:1032)
at org.testng.TestNG.run(TestNG.java:1000)
at org.apache.maven.surefire.testng.TestNGExecutor.run(TestNGExecutor.java:178)
at org.apache.maven.surefire.testng.TestNGXmlTestSuite.execute(TestNGXmlTestSuite.java:92)
at org.apache.maven.surefire.testng.TestNGProvider.invoke(TestNGProvider.java:96)
at java.base/jdk.internal.reflect.NativeMethodAccessorImpl.invoke0(Native Method)
at java.base/jdk.internal.reflect.NativeMethodAccessorImpl.invoke(NativeMethodAccessorImpl.java:62)
at java.base/jdk.internal.reflect.DelegatingMethodAccessorImpl.invoke(DelegatingMethodAccessorImpl.java:43)
at java.base/java.lang.reflect.Method.invoke(Method.java:566)
at org.apache.maven.surefire.util.ReflectionUtils.invokeMethodWithArray2(ReflectionUtils.java:208)
at org.apache.maven.surefire.booter.ProviderFactory$ProviderProxy.invoke(ProviderFactory.java:159)
at org.apache.maven.surefire.booter.ProviderFactory.invokeProvider(ProviderFactory.java:87)
at org.apache.maven.surefire.booter.ForkedBooter.runSuitesInProcess(ForkedBooter.java:153)
at org.apache.maven.surefire.booter.ForkedBooter.main(ForkedBooter.java:95)
]]>
            </full-stacktrace>
          </exception> <!-- java.lang.ClassCastException -->
          <reporter-output>
          </reporter-output>
        </test-method> <!-- validaUsuarioIdInteiro -->
        <test-method signature="validaUsuarios(java.lang.String, java.lang.String, int)[pri:0, instance:agibank.com.br.ValidacaoConsultaUsuario@74455848]" started-at="2020-01-26T22:09:52 BRST" name="validaUsuarios" data-provider="getUsuarios" finished-at="2020-01-26T22:09:52 BRST" duration-ms="439" status="PASS">
          <params>
            <param index="0">
              <value>
                <![CDATA[Leanne Graham]]>
              </value>
            </param>
            <param index="1">
              <value>
                <![CDATA[Sincere@april.biz]]>
              </value>
            </param>
            <param index="2">
              <value>
                <![CDATA[1]]>
              </value>
            </param>
          </params>
          <reporter-output>
          </reporter-output>
        </test-method> <!-- validaUsuarios -->
        <test-method signature="validaUsuarios(java.lang.String, java.lang.String, int)[pri:0, instance:agibank.com.br.ValidacaoConsultaUsuario@74455848]" started-at="2020-01-26T22:09:52 BRST" name="validaUsuarios" data-provider="getUsuarios" finished-at="2020-01-26T22:09:53 BRST" duration-ms="562" status="PASS">
          <params>
            <param index="0">
              <value>
                <![CDATA[Ervin Howell]]>
              </value>
            </param>
            <param index="1">
              <value>
                <![CDATA[Shanna@melissa.tv]]>
              </value>
            </param>
            <param index="2">
              <value>
                <![CDATA[2]]>
              </value>
            </param>
          </params>
          <reporter-output>
          </reporter-output>
        </test-method> <!-- validaUsuarios -->
        <test-method signature="validaUsuarios(java.lang.String, java.lang.String, int)[pri:0, instance:agibank.com.br.ValidacaoConsultaUsuario@74455848]" started-at="2020-01-26T22:09:53 BRST" name="validaUsuarios" data-provider="getUsuarios" finished-at="2020-01-26T22:09:53 BRST" duration-ms="437" status="PASS">
          <params>
            <param index="0">
              <value>
                <![CDATA[Clementine Bauch]]>
              </value>
            </param>
            <param index="1">
              <value>
                <![CDATA[Nathan@yesenia.net]]>
              </value>
            </param>
            <param index="2">
              <value>
                <![CDATA[3]]>
              </value>
            </param>
          </params>
          <reporter-output>
          </reporter-output>
        </test-method> <!-- validaUsuarios -->
        <test-method signature="validaUsuarios(java.lang.String, java.lang.String, int)[pri:0, instance:agibank.com.br.ValidacaoConsultaUsuario@74455848]" started-at="2020-01-26T22:09:53 BRST" name="validaUsuarios" data-provider="getUsuarios" finished-at="2020-01-26T22:09:54 BRST" duration-ms="548" status="PASS">
          <params>
            <param index="0">
              <value>
                <![CDATA[Patricia Lebsack]]>
              </value>
            </param>
            <param index="1">
              <value>
                <![CDATA[Julianne.OConner@kory.org]]>
              </value>
            </param>
            <param index="2">
              <value>
                <![CDATA[4]]>
              </value>
            </param>
          </params>
          <reporter-output>
          </reporter-output>
        </test-method> <!-- validaUsuarios -->
        <test-method signature="validaUsuarios(java.lang.String, java.lang.String, int)[pri:0, instance:agibank.com.br.ValidacaoConsultaUsuario@74455848]" started-at="2020-01-26T22:09:54 BRST" name="validaUsuarios" data-provider="getUsuarios" finished-at="2020-01-26T22:09:54 BRST" duration-ms="423" status="PASS">
          <params>
            <param index="0">
              <value>
                <![CDATA[Chelsey Dietrich]]>
              </value>
            </param>
            <param index="1">
              <value>
                <![CDATA[Lucio_Hettinger@annie.ca]]>
              </value>
            </param>
            <param index="2">
              <value>
                <![CDATA[5]]>
              </value>
            </param>
          </params>
          <reporter-output>
          </reporter-output>
        </test-method> <!-- validaUsuarios -->
        <test-method signature="validaUsuarios(java.lang.String, java.lang.String, int)[pri:0, instance:agibank.com.br.ValidacaoConsultaUsuario@74455848]" started-at="2020-01-26T22:09:54 BRST" name="validaUsuarios" data-provider="getUsuarios" finished-at="2020-01-26T22:09:55 BRST" duration-ms="532" status="PASS">
          <params>
            <param index="0">
              <value>
                <![CDATA[Mrs. Dennis Schulist]]>
              </value>
            </param>
            <param index="1">
              <value>
                <![CDATA[Karley_Dach@jasper.info]]>
              </value>
            </param>
            <param index="2">
              <value>
                <![CDATA[6]]>
              </value>
            </param>
          </params>
          <reporter-output>
          </reporter-output>
        </test-method> <!-- validaUsuarios -->
        <test-method signature="validaUsuarios(java.lang.String, java.lang.String, int)[pri:0, instance:agibank.com.br.ValidacaoConsultaUsuario@74455848]" started-at="2020-01-26T22:09:55 BRST" name="validaUsuarios" data-provider="getUsuarios" finished-at="2020-01-26T22:09:55 BRST" duration-ms="547" status="PASS">
          <params>
            <param index="0">
              <value>
                <![CDATA[Kurtis Weissnat]]>
              </value>
            </param>
            <param index="1">
              <value>
                <![CDATA[Telly.Hoeger@billy.biz]]>
              </value>
            </param>
            <param index="2">
              <value>
                <![CDATA[7]]>
              </value>
            </param>
          </params>
          <reporter-output>
          </reporter-output>
        </test-method> <!-- validaUsuarios -->
        <test-method signature="validaUsuarios(java.lang.String, java.lang.String, int)[pri:0, instance:agibank.com.br.ValidacaoConsultaUsuario@74455848]" started-at="2020-01-26T22:09:55 BRST" name="validaUsuarios" data-provider="getUsuarios" finished-at="2020-01-26T22:09:56 BRST" duration-ms="554" status="PASS">
          <params>
            <param index="0">
              <value>
                <![CDATA[Nicholas Runolfsdottir V]]>
              </value>
            </param>
            <param index="1">
              <value>
                <![CDATA[Sherwood@rosamond.me]]>
              </value>
            </param>
            <param index="2">
              <value>
                <![CDATA[8]]>
              </value>
            </param>
          </params>
          <reporter-output>
          </reporter-output>
        </test-method> <!-- validaUsuarios -->
        <test-method signature="validaUsuarios(java.lang.String, java.lang.String, int)[pri:0, instance:agibank.com.br.ValidacaoConsultaUsuario@74455848]" started-at="2020-01-26T22:09:56 BRST" name="validaUsuarios" data-provider="getUsuarios" finished-at="2020-01-26T22:09:56 BRST" duration-ms="627" status="PASS">
          <params>
            <param index="0">
              <value>
                <![CDATA[Glenna Reichert]]>
              </value>
            </param>
            <param index="1">
              <value>
                <![CDATA[Chaim_McDermott@dana.io]]>
              </value>
            </param>
            <param index="2">
              <value>
                <![CDATA[9]]>
              </value>
            </param>
          </params>
          <reporter-output>
          </reporter-output>
        </test-method> <!-- validaUsuarios -->
        <test-method signature="validaUsuarios(java.lang.String, java.lang.String, int)[pri:0, instance:agibank.com.br.ValidacaoConsultaUsuario@74455848]" started-at="2020-01-26T22:09:56 BRST" name="validaUsuarios" data-provider="getUsuarios" finished-at="2020-01-26T22:09:57 BRST" duration-ms="593" status="PASS">
          <params>
            <param index="0">
              <value>
                <![CDATA[Clementina DuBuque]]>
              </value>
            </param>
            <param index="1">
              <value>
                <![CDATA[Rey.Padberg@karina.biz]]>
              </value>
            </param>
            <param index="2">
              <value>
                <![CDATA[10]]>
              </value>
            </param>
          </params>
          <reporter-output>
          </reporter-output>
        </test-method> <!-- validaUsuarios -->
      </class> <!-- agibank.com.br.ValidacaoConsultaUsuario -->
    </test> <!-- Teste Funcional -->
  </suite> <!-- Suite1 -->
</testng-results>
